<?xml version="1.0" encoding="UTF-8"?>
<robot generator="Robot 4.1.1 (Python 3.9.7 on win32)" generated="20211013 08:51:07.996" rpa="false" schemaversion="2">
<suite id="s1" name="Radio" source="C:\Users\Theo IT\OneDrive\Área de Trabalho\SkillsLibrary\QA\Python e Selenium\Python_Selenium_and_Robot\6radiobuttons\tests\radio.robot">
<test id="s1-t1" name="Setting by Id">
<kw name="New Session" library="base" type="SETUP">
<kw name="Open Browser" library="SeleniumLibrary">
<arg>${url}</arg>
<arg>chrome</arg>
<doc>Opens a new browser instance to the optional ``url``.</doc>
<msg timestamp="20211013 08:51:08.205" level="INFO">Opening browser 'chrome' to base url 'http://training-wheels-protocol.herokuapp.com'.</msg>
<status status="PASS" starttime="20211013 08:51:08.205" endtime="20211013 08:51:11.288"/>
</kw>
<status status="PASS" starttime="20211013 08:51:08.205" endtime="20211013 08:51:11.288"/>
</kw>
<kw name="Go To" library="SeleniumLibrary">
<arg>${url}/radios</arg>
<doc>Navigates the current browser window to the provided ``url``.</doc>
<msg timestamp="20211013 08:51:11.289" level="INFO">Opening url 'http://training-wheels-protocol.herokuapp.com/radios'</msg>
<status status="PASS" starttime="20211013 08:51:11.289" endtime="20211013 08:51:11.637"/>
</kw>
<kw name="Select Radio Button" library="SeleniumLibrary">
<arg>movies</arg>
<arg>cap</arg>
<doc>Sets the radio button group ``group_name`` to ``value``.</doc>
<msg timestamp="20211013 08:51:11.638" level="INFO">Selecting 'cap' from radio button 'movies'.</msg>
<status status="PASS" starttime="20211013 08:51:11.637" endtime="20211013 08:51:11.691"/>
</kw>
<kw name="Radio Button Should Be Set To" library="SeleniumLibrary">
<arg>movies</arg>
<arg>cap</arg>
<doc>Verifies radio button group ``group_name`` is set to ``value``.</doc>
<msg timestamp="20211013 08:51:11.691" level="INFO">Verifying radio button 'movies' has selection 'cap'.</msg>
<status status="PASS" starttime="20211013 08:51:11.691" endtime="20211013 08:51:11.711"/>
</kw>
<kw name="End Session" library="base" type="TEARDOWN">
<kw name="Capture Page Screenshot" library="SeleniumLibrary">
<doc>Takes a screenshot of the current page and embeds it into a log file.</doc>
<msg timestamp="20211013 08:51:11.816" level="INFO" html="true">&lt;/td&gt;&lt;/tr&gt;&lt;tr&gt;&lt;td colspan="3"&gt;&lt;a href="selenium-screenshot-13.png"&gt;&lt;img src="selenium-screenshot-13.png" width="800px"&gt;&lt;/a&gt;</msg>
<status status="PASS" starttime="20211013 08:51:11.712" endtime="20211013 08:51:11.816"/>
</kw>
<kw name="Close Browser" library="SeleniumLibrary">
<doc>Closes the current browser.</doc>
<status status="PASS" starttime="20211013 08:51:11.817" endtime="20211013 08:51:13.962"/>
</kw>
<status status="PASS" starttime="20211013 08:51:11.712" endtime="20211013 08:51:13.962"/>
</kw>
<status status="PASS" starttime="20211013 08:51:08.204" endtime="20211013 08:51:13.962"/>
</test>
<test id="s1-t2" name="Setting by Value">
<kw name="New Session" library="base" type="SETUP">
<kw name="Open Browser" library="SeleniumLibrary">
<arg>${url}</arg>
<arg>chrome</arg>
<doc>Opens a new browser instance to the optional ``url``.</doc>
<msg timestamp="20211013 08:51:13.965" level="INFO">Opening browser 'chrome' to base url 'http://training-wheels-protocol.herokuapp.com'.</msg>
<status status="PASS" starttime="20211013 08:51:13.964" endtime="20211013 08:51:17.204"/>
</kw>
<status status="PASS" starttime="20211013 08:51:13.964" endtime="20211013 08:51:17.205"/>
</kw>
<kw name="Go To" library="SeleniumLibrary">
<arg>${url}/radios</arg>
<doc>Navigates the current browser window to the provided ``url``.</doc>
<msg timestamp="20211013 08:51:17.207" level="INFO">Opening url 'http://training-wheels-protocol.herokuapp.com/radios'</msg>
<status status="PASS" starttime="20211013 08:51:17.206" endtime="20211013 08:51:17.755"/>
</kw>
<kw name="Select Radio Button" library="SeleniumLibrary">
<arg>movies</arg>
<arg>black-panther</arg>
<doc>Sets the radio button group ``group_name`` to ``value``.</doc>
<msg timestamp="20211013 08:51:17.756" level="INFO">Selecting 'black-panther' from radio button 'movies'.</msg>
<status status="PASS" starttime="20211013 08:51:17.756" endtime="20211013 08:51:17.818"/>
</kw>
<kw name="Radio Button Should Be Set To" library="SeleniumLibrary">
<arg>movies</arg>
<arg>black-panther</arg>
<doc>Verifies radio button group ``group_name`` is set to ``value``.</doc>
<msg timestamp="20211013 08:51:17.819" level="INFO">Verifying radio button 'movies' has selection 'black-panther'.</msg>
<status status="PASS" starttime="20211013 08:51:17.819" endtime="20211013 08:51:17.881"/>
</kw>
<kw name="End Session" library="base" type="TEARDOWN">
<kw name="Capture Page Screenshot" library="SeleniumLibrary">
<doc>Takes a screenshot of the current page and embeds it into a log file.</doc>
<msg timestamp="20211013 08:51:17.974" level="INFO" html="true">&lt;/td&gt;&lt;/tr&gt;&lt;tr&gt;&lt;td colspan="3"&gt;&lt;a href="selenium-screenshot-14.png"&gt;&lt;img src="selenium-screenshot-14.png" width="800px"&gt;&lt;/a&gt;</msg>
<status status="PASS" starttime="20211013 08:51:17.882" endtime="20211013 08:51:17.974"/>
</kw>
<kw name="Close Browser" library="SeleniumLibrary">
<doc>Closes the current browser.</doc>
<status status="PASS" starttime="20211013 08:51:17.975" endtime="20211013 08:51:20.082"/>
</kw>
<status status="PASS" starttime="20211013 08:51:17.882" endtime="20211013 08:51:20.083"/>
</kw>
<status status="PASS" starttime="20211013 08:51:13.963" endtime="20211013 08:51:20.084"/>
</test>
<status status="PASS" starttime="20211013 08:51:07.998" endtime="20211013 08:51:20.089"/>
</suite>
<statistics>
<total>
<stat pass="2" fail="0" skip="0">All Tests</stat>
</total>
<tag>
</tag>
<suite>
<stat pass="2" fail="0" skip="0" id="s1" name="Radio">Radio</stat>
</suite>
</statistics>
<errors>
</errors>
</robot>
